                      :-) GROMACS - gmx mdrun, 2020.4 (-:

                            GROMACS is written by:
     Emile Apol      Rossen Apostolov      Paul Bauer     Herman J.C. Berendsen
    Par Bjelkmar      Christian Blau   Viacheslav Bolnykh     Kevin Boyd    
 Aldert van Buuren   Rudi van Drunen     Anton Feenstra       Alan Gray     
  Gerrit Groenhof     Anca Hamuraru    Vincent Hindriksen  M. Eric Irrgang  
  Aleksei Iupinov   Christoph Junghans     Joe Jordan     Dimitrios Karkoulis
    Peter Kasson        Jiri Kraus      Carsten Kutzner      Per Larsson    
  Justin A. Lemkul    Viveca Lindahl    Magnus Lundborg     Erik Marklund   
    Pascal Merz     Pieter Meulenhoff    Teemu Murtola       Szilard Pall   
    Sander Pronk      Roland Schulz      Michael Shirts    Alexey Shvetsov  
   Alfons Sijbers     Peter Tieleman      Jon Vincent      Teemu Virolainen 
 Christian Wennberg    Maarten Wolf      Artem Zhmurov   
                           and the project leaders:
        Mark Abraham, Berk Hess, Erik Lindahl, and David van der Spoel

Copyright (c) 1991-2000, University of Groningen, The Netherlands.
Copyright (c) 2001-2019, The GROMACS development team at
Uppsala University, Stockholm University and
the Royal Institute of Technology, Sweden.
check out http://www.gromacs.org for more information.

GROMACS is free software; you can redistribute it and/or modify it
under the terms of the GNU Lesser General Public License
as published by the Free Software Foundation; either version 2.1
of the License, or (at your option) any later version.

GROMACS:      gmx mdrun, version 2020.4
Executable:   /appl/spack/install-tree/gcc-9.1.0/gromacs-2020.4-lnokza/bin/gmx_mpi
Data prefix:  /appl/spack/install-tree/gcc-9.1.0/gromacs-2020.4-lnokza
Working dir:  /scratch/project_2000745/mark/canned-results/pme
Process ID:   113933
Command line:
  gmx_mpi mdrun -noconfout -resetstep 10000 -g manual-nb -nb gpu -pme cpu

GROMACS version:    2020.4
Verified release checksum is 79c2857291b034542c26e90512b92fd4b184a1c9d6fa59c55f2e24ccf14e7281
Precision:          single
Memory model:       64 bit
MPI library:        MPI
OpenMP support:     enabled (GMX_OPENMP_MAX_THREADS = 64)
GPU support:        CUDA
SIMD instructions:  AVX_512
FFT library:        fftw-3.3.8-avx512
RDTSCP usage:       enabled
TNG support:        enabled
Hwloc support:      disabled
Tracing support:    disabled
C compiler:         /appl/spack/spack/lib/spack/env/gcc/gcc GNU 9.1.0
C compiler flags:   -mavx512f -mfma -pthread -fexcess-precision=fast -funroll-all-loops -O3 -DNDEBUG
C++ compiler:       /appl/spack/spack/lib/spack/env/gcc/g++ GNU 9.1.0
C++ compiler flags: -mavx512f -mfma -pthread -fexcess-precision=fast -funroll-all-loops -fopenmp -O3 -DNDEBUG
CUDA compiler:      /appl/spack/install-tree/gcc-9.1.0/cuda-11.1.0-vvfuk2/bin/nvcc nvcc: NVIDIA (R) Cuda compiler driver;Copyright (c) 2005-2020 NVIDIA Corporation;Built on Tue_Sep_15_19:10:02_PDT_2020;Cuda compilation tools, release 11.1, V11.1.74;Build cuda_11.1.TC455_06.29069683_0
CUDA compiler flags:-gencode;arch=compute_35,code=sm_35;-gencode;arch=compute_37,code=sm_37;-gencode;arch=compute_50,code=sm_50;-gencode;arch=compute_52,code=sm_52;-gencode;arch=compute_60,code=sm_60;-gencode;arch=compute_61,code=sm_61;-gencode;arch=compute_70,code=sm_70;-Wno-deprecated-gpu-targets;-gencode;arch=compute_35,code=compute_35;-gencode;arch=compute_50,code=compute_50;-gencode;arch=compute_52,code=compute_52;-gencode;arch=compute_60,code=compute_60;-gencode;arch=compute_61,code=compute_61;-gencode;arch=compute_70,code=compute_70;-gencode;arch=compute_75,code=compute_75;-gencode;arch=compute_80,code=compute_80;-use_fast_math;;-mavx512f -mfma -pthread -fexcess-precision=fast -funroll-all-loops -fopenmp -O3 -DNDEBUG
CUDA driver:        11.10
CUDA runtime:       11.10


Running on 1 node with total 40 cores, 40 logical cores, 1 compatible GPU
Hardware detected on host r01g04.bullx (the node of MPI rank 0):
  CPU info:
    Vendor: Intel
    Brand:  Intel(R) Xeon(R) Gold 6230 CPU @ 2.10GHz
    Family: 6   Model: 85   Stepping: 7
    Features: aes apic avx avx2 avx512f avx512cd avx512bw avx512vl clfsh cmov cx8 cx16 f16c fma hle htt intel lahf mmx msr nonstop_tsc pcid pclmuldq pdcm pdpe1gb popcnt pse rdrnd rdtscp rtm sse2 sse3 sse4.1 sse4.2 ssse3 tdt x2apic
    Number of AVX-512 FMA units: 2
  Hardware topology: Only logical processor count
  GPU info:
    Number of GPUs detected: 1
    #0: NVIDIA Tesla V100-SXM2-32GB, compute cap.: 7.0, ECC: yes, stat: compatible


++++ PLEASE READ AND CITE THE FOLLOWING REFERENCE ++++
M. J. Abraham, T. Murtola, R. Schulz, S. Páll, J. C. Smith, B. Hess, E.
Lindahl
GROMACS: High performance molecular simulations through multi-level
parallelism from laptops to supercomputers
SoftwareX 1 (2015) pp. 19-25
-------- -------- --- Thank You --- -------- --------


++++ PLEASE READ AND CITE THE FOLLOWING REFERENCE ++++
S. Páll, M. J. Abraham, C. Kutzner, B. Hess, E. Lindahl
Tackling Exascale Software Challenges in Molecular Dynamics Simulations with
GROMACS
In S. Markidis & E. Laure (Eds.), Solving Software Challenges for Exascale 8759 (2015) pp. 3-27
-------- -------- --- Thank You --- -------- --------


++++ PLEASE READ AND CITE THE FOLLOWING REFERENCE ++++
S. Pronk, S. Páll, R. Schulz, P. Larsson, P. Bjelkmar, R. Apostolov, M. R.
Shirts, J. C. Smith, P. M. Kasson, D. van der Spoel, B. Hess, and E. Lindahl
GROMACS 4.5: a high-throughput and highly parallel open source molecular
simulation toolkit
Bioinformatics 29 (2013) pp. 845-54
-------- -------- --- Thank You --- -------- --------


++++ PLEASE READ AND CITE THE FOLLOWING REFERENCE ++++
B. Hess and C. Kutzner and D. van der Spoel and E. Lindahl
GROMACS 4: Algorithms for highly efficient, load-balanced, and scalable
molecular simulation
J. Chem. Theory Comput. 4 (2008) pp. 435-447
-------- -------- --- Thank You --- -------- --------


++++ PLEASE READ AND CITE THE FOLLOWING REFERENCE ++++
D. van der Spoel, E. Lindahl, B. Hess, G. Groenhof, A. E. Mark and H. J. C.
Berendsen
GROMACS: Fast, Flexible and Free
J. Comp. Chem. 26 (2005) pp. 1701-1719
-------- -------- --- Thank You --- -------- --------


++++ PLEASE READ AND CITE THE FOLLOWING REFERENCE ++++
E. Lindahl and B. Hess and D. van der Spoel
GROMACS 3.0: A package for molecular simulation and trajectory analysis
J. Mol. Mod. 7 (2001) pp. 306-317
-------- -------- --- Thank You --- -------- --------


++++ PLEASE READ AND CITE THE FOLLOWING REFERENCE ++++
H. J. C. Berendsen, D. van der Spoel and R. van Drunen
GROMACS: A message-passing parallel molecular dynamics implementation
Comp. Phys. Comm. 91 (1995) pp. 43-56
-------- -------- --- Thank You --- -------- --------


++++ PLEASE CITE THE DOI FOR THIS VERSION OF GROMACS ++++
https://doi.org/10.5281/zenodo.4054979
-------- -------- --- Thank You --- -------- --------


The number of OpenMP threads was set by environment variable OMP_NUM_THREADS to 10

Input Parameters:
   integrator                     = md
   tinit                          = 0
   dt                             = 0.002
   nsteps                         = 20000
   init-step                      = 0
   simulation-part                = 1
   comm-mode                      = Linear
   nstcomm                        = 100
   bd-fric                        = 0
   ld-seed                        = 1993
   emtol                          = 10
   emstep                         = 0.01
   niter                          = 20
   fcstep                         = 0
   nstcgsteep                     = 1000
   nbfgscorr                      = 10
   rtpi                           = 0.05
   nstxout                        = 0
   nstvout                        = 0
   nstfout                        = 0
   nstlog                         = 0
   nstcalcenergy                  = 10
   nstenergy                      = 0
   nstxout-compressed             = 0
   compressed-x-precision         = 1000
   cutoff-scheme                  = Verlet
   nstlist                        = 10
   pbc                            = xyz
   periodic-molecules             = false
   verlet-buffer-tolerance        = 0.005
   rlist                          = 1
   coulombtype                    = PME
   coulomb-modifier               = Potential-shift
   rcoulomb-switch                = 0
   rcoulomb                       = 1
   epsilon-r                      = 1
   epsilon-rf                     = 1
   vdw-type                       = Cut-off
   vdw-modifier                   = Potential-shift
   rvdw-switch                    = 0
   rvdw                           = 1
   DispCorr                       = EnerPres
   table-extension                = 1
   fourierspacing                 = 0.12
   fourier-nx                     = 96
   fourier-ny                     = 96
   fourier-nz                     = 128
   pme-order                      = 4
   ewald-rtol                     = 1e-05
   ewald-rtol-lj                  = 0.001
   lj-pme-comb-rule               = Geometric
   ewald-geometry                 = 0
   epsilon-surface                = 0
   tcoupl                         = V-rescale
   nsttcouple                     = 10
   nh-chain-length                = 0
   print-nose-hoover-chain-variables = false
   pcoupl                         = No
   pcoupltype                     = Semiisotropic
   nstpcouple                     = -1
   tau-p                          = 5
   compressibility (3x3):
      compressibility[    0]={ 0.00000e+00,  0.00000e+00,  0.00000e+00}
      compressibility[    1]={ 0.00000e+00,  0.00000e+00,  0.00000e+00}
      compressibility[    2]={ 0.00000e+00,  0.00000e+00,  0.00000e+00}
   ref-p (3x3):
      ref-p[    0]={ 0.00000e+00,  0.00000e+00,  0.00000e+00}
      ref-p[    1]={ 0.00000e+00,  0.00000e+00,  0.00000e+00}
      ref-p[    2]={ 0.00000e+00,  0.00000e+00,  0.00000e+00}
   refcoord-scaling               = COM
   posres-com (3):
      posres-com[0]= 0.00000e+00
      posres-com[1]= 0.00000e+00
      posres-com[2]= 0.00000e+00
   posres-comB (3):
      posres-comB[0]= 0.00000e+00
      posres-comB[1]= 0.00000e+00
      posres-comB[2]= 0.00000e+00
   QMMM                           = false
   QMconstraints                  = 0
   QMMMscheme                     = 0
   MMChargeScaleFactor            = 1
qm-opts:
   ngQM                           = 0
   constraint-algorithm           = Lincs
   continuation                   = false
   Shake-SOR                      = false
   shake-tol                      = 0.0001
   lincs-order                    = 4
   lincs-iter                     = 1
   lincs-warnangle                = 45
   nwall                          = 0
   wall-type                      = 9-3
   wall-r-linpot                  = -1
   wall-atomtype[0]               = -1
   wall-atomtype[1]               = -1
   wall-density[0]                = 0
   wall-density[1]                = 0
   wall-ewald-zfac                = 3
   pull                           = false
   awh                            = false
   rotation                       = false
   interactiveMD                  = false
   disre                          = No
   disre-weighting                = Conservative
   disre-mixed                    = false
   dr-fc                          = 1000
   dr-tau                         = 0
   nstdisreout                    = 100
   orire-fc                       = 0
   orire-tau                      = 0
   nstorireout                    = 100
   free-energy                    = no
   cos-acceleration               = 0
   deform (3x3):
      deform[    0]={ 0.00000e+00,  0.00000e+00,  0.00000e+00}
      deform[    1]={ 0.00000e+00,  0.00000e+00,  0.00000e+00}
      deform[    2]={ 0.00000e+00,  0.00000e+00,  0.00000e+00}
   simulated-tempering            = false
   swapcoords                     = no
   userint1                       = 0
   userint2                       = 0
   userint3                       = 0
   userint4                       = 0
   userreal1                      = 0
   userreal2                      = 0
   userreal3                      = 0
   userreal4                      = 0
   applied-forces:
     electric-field:
       x:
         E0                       = 0
         omega                    = 0
         t0                       = 0
         sigma                    = 0
       y:
         E0                       = 0
         omega                    = 0
         t0                       = 0
         sigma                    = 0
       z:
         E0                       = 0
         omega                    = 0
         t0                       = 0
         sigma                    = 0
     density-guided-simulation:
       active                     = false
       group                      = protein
       similarity-measure         = inner-product
       atom-spreading-weight      = unity
       force-constant             = 1e+09
       gaussian-transform-spreading-width = 0.2
       gaussian-transform-spreading-range-in-multiples-of-width = 4
       reference-density-filename = reference.mrc
       nst                        = 1
       normalize-densities        = true
       adaptive-force-scaling     = false
       adaptive-force-scaling-time-constant = 4
grpopts:
   nrdf:     67964.4     49247.5      196258
   ref-t:         310         310         310
   tau-t:         0.1         0.1         0.1
annealing:          No          No          No
annealing-npoints:           0           0           0
   acc:	           0           0           0
   nfreeze:           N           N           N
   energygrp-flags[  0]: 0

Changing nstlist from 10 to 100, rlist from 1 to 1.132

1 GPU selected for this run.
Mapping of GPU IDs to the 1 GPU task in the 1 rank on this node:
  PP:0
PP tasks will do (non-perturbed) short-ranged and most bonded interactions on the GPU
PP task will update and constrain coordinates on the CPU
Using 1 MPI process

Non-default thread affinity set, disabling internal thread affinity

Using 10 OpenMP threads 


The -resetstep functionality is deprecated, and may be removed in a future version.
System total charge: 0.000
Will do PME sum in reciprocal space for electrostatic interactions.

++++ PLEASE READ AND CITE THE FOLLOWING REFERENCE ++++
U. Essmann, L. Perera, M. L. Berkowitz, T. Darden, H. Lee and L. G. Pedersen 
A smooth particle mesh Ewald method
J. Chem. Phys. 103 (1995) pp. 8577-8592
-------- -------- --- Thank You --- -------- --------

Using a Gaussian width (1/beta) of 0.320163 nm for Ewald
Potential shift: LJ r^-12: -1.000e+00 r^-6: -1.000e+00, Ewald -1.000e-05
Initialized non-bonded Ewald tables, spacing: 9.33e-04 size: 1073

Generated table with 1066 data points for 1-4 COUL.
Tabscale = 500 points/nm
Generated table with 1066 data points for 1-4 LJ6.
Tabscale = 500 points/nm
Generated table with 1066 data points for 1-4 LJ12.
Tabscale = 500 points/nm

Using GPU 8x8 nonbonded short-range kernels

Using a dual 8x8 pair-list setup updated with dynamic, rolling pruning:
  outer list: updated every 100 steps, buffer 0.132 nm, rlist 1.132 nm
  inner list: updated every  14 steps, buffer 0.001 nm, rlist 1.001 nm
At tolerance 0.005 kJ/mol/ps per atom, equivalent classical 1x1 list would be:
  outer list: updated every 100 steps, buffer 0.283 nm, rlist 1.283 nm
  inner list: updated every  14 steps, buffer 0.057 nm, rlist 1.057 nm

Using Lorentz-Berthelot Lennard-Jones combination rule

Long Range LJ corr.: <C6> 6.7202e-04

Removing pbc first time

Initializing LINear Constraint Solver

++++ PLEASE READ AND CITE THE FOLLOWING REFERENCE ++++
B. Hess and H. Bekker and H. J. C. Berendsen and J. G. E. M. Fraaije
LINCS: A Linear Constraint Solver for molecular simulations
J. Comp. Chem. 18 (1997) pp. 1463-1472
-------- -------- --- Thank You --- -------- --------

The number of constraints is 13620

++++ PLEASE READ AND CITE THE FOLLOWING REFERENCE ++++
S. Miyamoto and P. A. Kollman
SETTLE: An Analytical Version of the SHAKE and RATTLE Algorithms for Rigid
Water Models
J. Comp. Chem. 13 (1992) pp. 952-962
-------- -------- --- Thank You --- -------- --------


The -noconfout functionality is deprecated, and may be removed in a future version.

++++ PLEASE READ AND CITE THE FOLLOWING REFERENCE ++++
G. Bussi, D. Donadio and M. Parrinello
Canonical sampling through velocity rescaling
J. Chem. Phys. 126 (2007) pp. 014101
-------- -------- --- Thank You --- -------- --------

There are: 141677 Atoms

Constraining the starting coordinates (step 0)

Constraining the coordinates at t0-dt (step 0)
Center of mass motion removal mode is Linear
We have the following groups for center of mass motion removal:
  0:  System
RMS relative constraint deviation after constraining: 3.88e-06
Initial temperature: 279.104 K

Started mdrun on rank 0 Fri Jan 15 02:20:45 2021

           Step           Time
              0        0.00000

   Energies (kJ/mol)
           Bond          Angle    Proper Dih. Ryckaert-Bell.  Improper Dih.
    8.51515e+02    8.91827e+04    8.15615e+04    1.56545e+04    1.81361e+03
  Improper Dih.          LJ-14     Coulomb-14        LJ (SR)  Disper. corr.
    3.30515e+03    4.75424e+04    3.40937e+05    7.67687e+04   -3.46877e+04
   Coulomb (SR)   Coul. recip.      Potential    Kinetic En.   Total Energy
   -2.51729e+06    2.10376e+04   -1.87332e+06    3.63069e+05   -1.51025e+06
  Conserved En.    Temperature Pres. DC (bar) Pressure (bar)   Constr. rmsd
   -1.51025e+06    2.78605e+02   -3.54583e+02    2.48700e+03    3.78898e-06

step 1000: timed with pme grid 96 96 128, coulomb cutoff 1.000: 1262.0 M-cycles
step 1200: timed with pme grid 84 84 112, coulomb cutoff 1.116: 1160.3 M-cycles
step 1400: timed with pme grid 72 72 96, coulomb cutoff 1.302: 872.0 M-cycles
step 1600: timed with pme grid 64 64 84, coulomb cutoff 1.472: 810.0 M-cycles
step 1600: the maximum allowed grid scaling limits the PME load balancing to a coulomb cut-off of 1.563
step 1800: timed with pme grid 60 60 80, coulomb cutoff 1.563: 824.8 M-cycles
step 2000: timed with pme grid 64 64 80, coulomb cutoff 1.545: 797.5 M-cycles
step 2200: timed with pme grid 64 64 84, coulomb cutoff 1.472: 811.2 M-cycles
step 2400: timed with pme grid 64 64 96, coulomb cutoff 1.465: 835.1 M-cycles
step 2600: timed with pme grid 72 72 96, coulomb cutoff 1.302: 873.2 M-cycles
step 2800: timed with pme grid 80 80 96, coulomb cutoff 1.288: 912.2 M-cycles
step 3000: timed with pme grid 80 80 100, coulomb cutoff 1.236: 955.3 M-cycles
step 3200: timed with pme grid 80 80 104, coulomb cutoff 1.189: 979.0 M-cycles
step 3400: timed with pme grid 80 80 108, coulomb cutoff 1.172: 1035.0 M-cycles
step 3600: timed with pme grid 84 84 108, coulomb cutoff 1.145: 1201.5 M-cycles
              optimal pme grid 64 64 80, coulomb cutoff 1.545

step 10000: resetting all time and cycle counters
Restarted time on rank 0 Fri Jan 15 02:21:39 2021

           Step           Time
          20000       40.00000

   Energies (kJ/mol)
           Bond          Angle    Proper Dih. Ryckaert-Bell.  Improper Dih.
    4.43647e+04    8.72393e+04    8.15920e+04    1.55469e+04    1.88650e+03
  Improper Dih.          LJ-14     Coulomb-14        LJ (SR)  Disper. corr.
    3.35212e+03    4.33796e+04    3.29941e+05    7.57946e+04   -3.46877e+04
   Coulomb (SR)   Coul. recip.      Potential    Kinetic En.   Total Energy
   -2.49252e+06    4.57837e+03   -1.83953e+06    4.02479e+05   -1.43706e+06
  Conserved En.    Temperature Pres. DC (bar) Pressure (bar)   Constr. rmsd
   -1.50943e+06    3.08847e+02   -3.54583e+02    6.11334e+01    3.84238e-06


	<======  ###############  ==>
	<====  A V E R A G E S  ====>
	<==  ###############  ======>

	Statistics over 20001 steps using 2001 frames

   Energies (kJ/mol)
           Bond          Angle    Proper Dih. Ryckaert-Bell.  Improper Dih.
    4.09768e+04    8.81970e+04    8.19069e+04    1.67749e+04    1.88242e+03
  Improper Dih.          LJ-14     Coulomb-14        LJ (SR)  Disper. corr.
    3.32808e+03    4.36038e+04    3.30339e+05    7.71335e+04   -3.46877e+04
   Coulomb (SR)   Coul. recip.      Potential    Kinetic En.   Total Energy
   -2.49565e+06    5.85565e+03   -1.84034e+06    4.03865e+05   -1.43647e+06
  Conserved En.    Temperature Pres. DC (bar) Pressure (bar)   Constr. rmsd
   -1.50985e+06    3.09911e+02   -3.54583e+02    1.21680e+02    0.00000e+00

   Total Virial (kJ/mol)
    1.28860e+05    3.45846e+01    1.97444e+02
    3.33297e+01    1.28001e+05    1.40270e+02
    1.93515e+02    1.41434e+02    1.29125e+05

   Pressure (bar)
    1.24395e+02   -1.92475e+00   -4.10898e+00
   -1.89913e+00    1.42488e+02   -2.91882e+00
   -4.02876e+00   -2.94258e+00    9.81581e+01

      T-Protein         T-DOPCT-Water_and_ions
    3.09763e+02    3.09130e+02    3.10157e+02


       P P   -   P M E   L O A D   B A L A N C I N G

 PP/PME load balancing changed the cut-off and PME settings:
           particle-particle                    PME
            rcoulomb  rlist            grid      spacing   1/beta
   initial  1.000 nm  1.001 nm      96  96 128   0.117 nm  0.320 nm
   final    1.545 nm  1.546 nm      64  64  80   0.185 nm  0.495 nm
 cost-ratio           3.69             0.28
 (note that these numbers concern only part of the total PP and PME load)


	M E G A - F L O P S   A C C O U N T I N G

 NB=Group-cutoff nonbonded kernels    NxN=N-by-N cluster Verlet kernels
 RF=Reaction-Field  VdW=Van der Waals  QSTab=quadratic-spline table
 W3=SPC/TIP3p  W4=TIP4p (single or pairs)
 V&F=Potential and force  V=Potential only  F=Force only

 Computing:                               M-Number         M-Flops  % Flops
-----------------------------------------------------------------------------
 Pair Search distance check            2173.902240       19565.120     0.0
 NxN Ewald Elec. + LJ [F]           2627544.792960   173417956.335    83.9
 NxN Ewald Elec. + LJ [V&F]          292241.366784    31269826.246    15.1
 Calc Weights                          4250.735031      153026.461     0.1
 Spread Q Bspline                     90682.347328      181364.695     0.1
 Gather F Bspline                     90682.347328      544094.084     0.3
 3D-FFT                              120086.587458      960692.700     0.5
 Solve PME                               40.964096        2621.702     0.0
 Shift-X                                 14.309377          85.856     0.0
 Virial                                 141.863722        2553.547     0.0
 Stop-CM                                 14.309377         143.094     0.0
 Calc-Ekin                              283.495677        7654.383     0.0
 Lincs                                  136.213620        8172.817     0.0
 Lincs-Mat                              715.871580        2863.486     0.0
 Constraint-V                          1251.905178       10015.241     0.0
 Constraint-Vir                         111.669558        2680.069     0.0
 Settle                                 326.492646      105457.125     0.1
-----------------------------------------------------------------------------
 Total                                               206688772.962   100.0
-----------------------------------------------------------------------------


     R E A L   C Y C L E   A N D   T I M E   A C C O U N T I N G

On 1 MPI rank, each using 10 OpenMP threads

 Computing:          Num   Num      Call    Wall time         Giga-Cycles
                     Ranks Threads  Count      (s)         total sum    %
-----------------------------------------------------------------------------
 Neighbor search        1   10        101       1.523         31.976   4.0
 Launch GPU ops.        1   10      10001       0.636         13.364   1.7
 Force                  1   10      10001       0.219          4.603   0.6
 PME mesh               1   10      10001      28.287        594.019  75.1
 Wait Bonded GPU        1   10       1001       0.035          0.727   0.1
 Wait GPU NB local      1   10      10001       1.342         28.176   3.6
 NB X/F buffer ops.     1   10      19901       1.992         41.836   5.3
 Update                 1   10      10001       1.165         24.462   3.1
 Constraints            1   10      10001       2.000         41.997   5.3
 Rest                                           0.462          9.703   1.2
-----------------------------------------------------------------------------
 Total                                         37.660        790.861 100.0
-----------------------------------------------------------------------------
 Breakdown of PME mesh computation
-----------------------------------------------------------------------------
 PME spread             1   10      10001      12.803        268.853  34.0
 PME gather             1   10      10001       9.162        192.394  24.3
 PME 3D-FFT             1   10      20002       5.932        124.566  15.8
 PME solve Elec         1   10      10001       0.351          7.367   0.9
-----------------------------------------------------------------------------

               Core t (s)   Wall t (s)        (%)
       Time:      376.598       37.660     1000.0
                 (ns/day)    (hour/ns)
Performance:       45.889        0.523
Finished mdrun on rank 0 Fri Jan 15 02:22:17 2021

